Sender: LSF System <lsfadmin@polus-c4-ib.bmc.hpc.cs.msu.ru>
Subject: Job 876951: <#BSUB -n 1;#BSUB -W 00:15;#BSUB -o "my_job.%J.out";#BSUB -e "my_job.%J.err";OMP_NUM_THREADS=1 ./a.out;OMP_NUM_THREADS=2 ./a.out;OMP_NUM_THREADS=4 ./a.out;OMP_NUM_THREADS=8 ./a.out;OMP_NUM_THREADS=16 ./a.out;OMP_NUM_THREADS=32 ./a.out;OMP_NUM_THREADS=64 ./a.out;OMP_NUM_THREADS=128 ./a.out> in cluster <MSUCluster> Done

Job <#BSUB -n 1;#BSUB -W 00:15;#BSUB -o "my_job.%J.out";#BSUB -e "my_job.%J.err";OMP_NUM_THREADS=1 ./a.out;OMP_NUM_THREADS=2 ./a.out;OMP_NUM_THREADS=4 ./a.out;OMP_NUM_THREADS=8 ./a.out;OMP_NUM_THREADS=16 ./a.out;OMP_NUM_THREADS=32 ./a.out;OMP_NUM_THREADS=64 ./a.out;OMP_NUM_THREADS=128 ./a.out> was submitted from host <polus-ib.bmc.hpc.cs.msu.ru> by user <edu-cmc-sqi21-07> in cluster <MSUCluster> at Sun Apr 24 22:13:29 2022
Job was executed on host(s) <polus-c4-ib.bmc.hpc.cs.msu.ru>, in queue <short>, as user <edu-cmc-sqi21-07> in cluster <MSUCluster> at Sun Apr 24 22:15:18 2022
</home_edu/edu-cmc-sqi21/edu-cmc-sqi21-07> was used as the home directory.
</home_edu/edu-cmc-sqi21/edu-cmc-sqi21-07> was used as the working directory.
Started at Sun Apr 24 22:15:18 2022
Terminated at Sun Apr 24 22:15:31 2022
Results reported at Sun Apr 24 22:15:31 2022

Your job looked like:

------------------------------------------------------------
# LSBATCH: User input
#BSUB -n 1
#BSUB -W 00:15
#BSUB -o "my_job.%J.out"
#BSUB -e "my_job.%J.err"
OMP_NUM_THREADS=1 ./a.out
OMP_NUM_THREADS=2 ./a.out
OMP_NUM_THREADS=4 ./a.out
OMP_NUM_THREADS=8 ./a.out
OMP_NUM_THREADS=16 ./a.out
OMP_NUM_THREADS=32 ./a.out
OMP_NUM_THREADS=64 ./a.out
OMP_NUM_THREADS=128 ./a.out

------------------------------------------------------------

Successfully completed.

Resource usage summary:

    CPU time :                                   47.08 sec.
    Max Memory :                                 10 MB
    Average Memory :                             7.25 MB
    Total Requested Memory :                     -
    Delta Memory :                               -
    Max Swap :                                   -
    Max Processes :                              4
    Max Threads :                                5
    Run time :                                   14 sec.
    Turnaround time :                            122 sec.

The output (if any) follows:


/////////////////////////////////
Max threads count 1
Size = 1000

Generation time: 1.3351
Hosehold time: 0.7575
Gauss time: 0.00111829
Algorithm time: 0.758618
Total time: 2.09469

||Ax-b|| = 1.62846e-10
Solution difference: 5.21433e-12

/////////////////////////////////
Max threads count 2
Size = 1000

Generation time: 1.33671
Hosehold time: 0.385565
Gauss time: 0.00105398
Algorithm time: 0.386619
Total time: 1.72431

||Ax-b|| = 1.6051e-10
Solution difference: 3.09313e-12

/////////////////////////////////
Max threads count 4
Size = 1000

Generation time: 1.33761
Hosehold time: 0.231625
Gauss time: 0.00109162
Algorithm time: 0.232717
Total time: 1.57129

||Ax-b|| = 1.53982e-10
Solution difference: 3.48855e-12

/////////////////////////////////
Max threads count 8
Size = 1000

Generation time: 1.33655
Hosehold time: 0.141598
Gauss time: 0.00112789
Algorithm time: 0.142726
Total time: 1.48022

||Ax-b|| = 1.58354e-10
Solution difference: 1.54417e-12

/////////////////////////////////
Max threads count 16
Size = 1000

Generation time: 1.33852
Hosehold time: 0.111741
Gauss time: 0.00117585
Algorithm time: 0.112917
Total time: 1.45244

||Ax-b|| = 1.68628e-10
Solution difference: 5.06215e-12

/////////////////////////////////
Max threads count 32
Size = 1000

Generation time: 1.33925
Hosehold time: 0.145207
Gauss time: 0.00124908
Algorithm time: 0.146456
Total time: 1.48679

||Ax-b|| = 1.56809e-10
Solution difference: 1.71451e-12

/////////////////////////////////
Max threads count 64
Size = 1000

Generation time: 1.3383
Hosehold time: 0.0782331
Gauss time: 0.00335182
Algorithm time: 0.0815849
Total time: 1.42092

||Ax-b|| = 1.65544e-10
Solution difference: 4.31463e-12

/////////////////////////////////
Max threads count 128
Size = 1000

Generation time: 1.33736
Hosehold time: 0.268911
Gauss time: 0.00595122
Algorithm time: 0.274862
Total time: 1.61322

||Ax-b|| = 1.57003e-10
Solution difference: 2.15286e-12


PS:

Read file <my_job.876951.err> for stderr output of this job.

