Sender: LSF System <lsfadmin@polus-c4-ib.bmc.hpc.cs.msu.ru>
Subject: Job 876971: <#BSUB -n 1;#BSUB -W 00:15;#BSUB -o "my_job.%J.out";#BSUB -e "my_job.%J.err";OMP_NUM_THREADS=1 ./a.out 6000;OMP_NUM_THREADS=2 ./a.out 6000;OMP_NUM_THREADS=4 ./a.out 6000;OMP_NUM_THREADS=8 ./a.out 6000;OMP_NUM_THREADS=16 ./a.out 6000;OMP_NUM_THREADS=32 ./a.out 6000;OMP_NUM_THREADS=64 ./a.out 6000;OMP_NUM_THREADS=128 ./a.out 6000> in cluster <MSUCluster> Done

Job <#BSUB -n 1;#BSUB -W 00:15;#BSUB -o "my_job.%J.out";#BSUB -e "my_job.%J.err";OMP_NUM_THREADS=1 ./a.out 6000;OMP_NUM_THREADS=2 ./a.out 6000;OMP_NUM_THREADS=4 ./a.out 6000;OMP_NUM_THREADS=8 ./a.out 6000;OMP_NUM_THREADS=16 ./a.out 6000;OMP_NUM_THREADS=32 ./a.out 6000;OMP_NUM_THREADS=64 ./a.out 6000;OMP_NUM_THREADS=128 ./a.out 6000> was submitted from host <polus-ib.bmc.hpc.cs.msu.ru> by user <edu-cmc-sqi21-07> in cluster <MSUCluster> at Sun Apr 24 23:09:10 2022
Job was executed on host(s) <polus-c4-ib.bmc.hpc.cs.msu.ru>, in queue <short>, as user <edu-cmc-sqi21-07> in cluster <MSUCluster> at Sun Apr 24 23:09:11 2022
</home_edu/edu-cmc-sqi21/edu-cmc-sqi21-07> was used as the home directory.
</home_edu/edu-cmc-sqi21/edu-cmc-sqi21-07> was used as the working directory.
Started at Sun Apr 24 23:09:11 2022
Terminated at Sun Apr 24 23:21:43 2022
Results reported at Sun Apr 24 23:21:43 2022

Your job looked like:

------------------------------------------------------------
# LSBATCH: User input
#BSUB -n 1
#BSUB -W 00:15
#BSUB -o "my_job.%J.out"
#BSUB -e "my_job.%J.err"
OMP_NUM_THREADS=1 ./a.out 6000
OMP_NUM_THREADS=2 ./a.out 6000
OMP_NUM_THREADS=4 ./a.out 6000
OMP_NUM_THREADS=8 ./a.out 6000
OMP_NUM_THREADS=16 ./a.out 6000
OMP_NUM_THREADS=32 ./a.out 6000
OMP_NUM_THREADS=64 ./a.out 6000
OMP_NUM_THREADS=128 ./a.out 6000

------------------------------------------------------------

Successfully completed.

Resource usage summary:

    CPU time :                                   3770.19 sec.
    Max Memory :                                 297 MB
    Average Memory :                             211.83 MB
    Total Requested Memory :                     -
    Delta Memory :                               -
    Max Swap :                                   -
    Max Processes :                              4
    Max Threads :                                132
    Run time :                                   752 sec.
    Turnaround time :                            753 sec.

The output (if any) follows:


/////////////////////////////////
Max threads count 1
Size = 6000

Generation time: 48.1423
Hosehold time: 165.201
Gauss time: 0.19614
Algorithm time: 165.397
Total time: 213.732

||Ax-b|| = 2.36026e-09
Solution difference: 1.9109e-10

/////////////////////////////////
Max threads count 2
Size = 6000

Generation time: 48.2016
Hosehold time: 82.8466
Gauss time: 0.196579
Algorithm time: 83.0432
Total time: 131.438

||Ax-b|| = 2.34438e-09
Solution difference: 2.5751e-11

/////////////////////////////////
Max threads count 4
Size = 6000

Generation time: 48.1214
Hosehold time: 41.7253
Gauss time: 0.191077
Algorithm time: 41.9164
Total time: 90.2312

||Ax-b|| = 2.39491e-09
Solution difference: 1.68798e-11

/////////////////////////////////
Max threads count 8
Size = 6000

Generation time: 48.1105
Hosehold time: 21.5327
Gauss time: 0.192818
Algorithm time: 21.7255
Total time: 70.0269

||Ax-b|| = 2.31373e-09
Solution difference: 3.2172e-11

/////////////////////////////////
Max threads count 16
Size = 6000

Generation time: 48.1503
Hosehold time: 13.1211
Gauss time: 0.207444
Algorithm time: 13.3285
Total time: 61.6704

||Ax-b|| = 2.37563e-09
Solution difference: 3.7405e-11

/////////////////////////////////
Max threads count 32
Size = 6000

Generation time: 48.1294
Hosehold time: 12.8942
Gauss time: 0.393145
Algorithm time: 13.2874
Total time: 61.6075

||Ax-b|| = 2.33518e-09
Solution difference: 2.17985e-09

/////////////////////////////////
Max threads count 64
Size = 6000

Generation time: 48.1482
Hosehold time: 13.2338
Gauss time: 0.3925
Algorithm time: 13.6263
Total time: 61.9657

||Ax-b|| = 2.33007e-09
Solution difference: 2.52637e-10

/////////////////////////////////
Max threads count 128
Size = 6000

Generation time: 48.1257
Hosehold time: 8.9171
Gauss time: 0.435901
Algorithm time: 9.353
Total time: 57.6721

||Ax-b|| = 2.36935e-09
Solution difference: 7.35703e-11


PS:

Read file <my_job.876971.err> for stderr output of this job.

